# CONVERGE Release 3.1.11/  Dec  1 2023       Run Date:Mon Jan 22 09:22:08 2024

# Num     SPECIES                  PHASE           MW      LOW       MID      HIGH          H          C          O          N         AR
#
    1     H                            G   1.0080e+00   300.00   1000.00   5000.00          1          0          0          0          0
    2     H2                           G   2.0159e+00   300.00   1000.00   5000.00          2          0          0          0          0
    3     O                            G   1.5999e+01   300.00   1000.00   5000.00          0          0          1          0          0
    4     O2                           G   3.1999e+01   300.00   1000.00   5000.00          0          0          2          0          0
    5     OH                           G   1.7007e+01   300.00   1710.00   5000.00          1          0          1          0          0
    6     H2O                          G   1.8015e+01   300.00   1000.00   5000.00          2          0          1          0          0
    7     N2                           G   2.8013e+01   300.00   1000.00   5000.00          0          0          0          2          0
    8     HO2                          G   3.3007e+01   200.00   1000.00   3500.00          1          0          2          0          0
    9     H2O2                         G   3.4015e+01   300.00   1000.00   5000.00          2          0          2          0          0
   10     AR                           G   3.9948e+01   300.00   1000.00   5000.00          0          0          0          0          1

# REACTIONS: units for E are CAL/MOLE
# Num     REACTION                                               A       b          E
#
    1     H+O2<=>O+OH                                     1.92E+14    0.00   16440.00
          Reverse Arrhenius coefficients:                 5.48E+11    0.39    -293.00
    2     O+H2<=>H+OH                                     5.08E+04    2.67    6292.00
          Reverse Arrhenius coefficients:                 2.67E+04    2.65    4880.00
    3     OH+H2<=>H+H2O                                   2.16E+08    1.51    3430.00
          Reverse Arrhenius coefficients:                 2.30E+09    1.40   18320.00
    4     O+H2O<=>OH+OH                                   2.97E+06    2.02   13400.00
          Reverse Arrhenius coefficients:                 1.46E+05    2.11   -2904.00
    5     H2+M<=>H+H+M                                    4.58E+19   -1.40  104400.00
          H2                       Enhanced by    2.500E+00
          H2O                      Enhanced by    1.200E+01
          Reverse Arrhenius coefficients:                 1.15E+20   -1.68     820.00
    6     O2+M<=>O+O+M                                    4.52E+17   -0.64  118900.00
          H2                       Enhanced by    2.500E+00
          H2O                      Enhanced by    1.200E+01
          AR                       Enhanced by    8.300E-01
          Reverse Arrhenius coefficients:                 6.16E+15   -0.50       0.00
    7     OH+M<=>O+H+M                                    9.88E+17   -0.74  102100.00
          H2                       Enhanced by    2.500E+00
          H2O                      Enhanced by    1.200E+01
          AR                       Enhanced by    7.500E-01
          Reverse Arrhenius coefficients:                 4.71E+18   -1.00       0.00
    8     H2O+M<=>H+OH+M                                  1.91E+23   -1.83  118500.00
          H2                       Enhanced by    7.300E-01
          H2O                      Enhanced by    1.200E+01
          AR                       Enhanced by    3.800E-01
          Reverse Arrhenius coefficients:                 4.50E+22   -2.00       0.00
    9     H+O2(+M)<=>HO2(+M)                              1.48E+12    0.60       0.00
          Low pressure limit:  3.48200E+16 -4.11000E-01 -1.11500E+03
          TROE centering:      5.00000E-01  1.00000E-30  1.00000E+30 1.00000E+100
          H2                       Enhanced by    1.300E+00
          H2O                      Enhanced by    1.400E+01
          AR                       Enhanced by    6.700E-01
   10     HO2+H<=>H2+O2                                   1.66E+13    0.00     823.00
          Reverse Arrhenius coefficients:                 3.16E+12    0.35   55510.00
   11     HO2+H<=>OH+OH                                   7.08E+13    0.00     295.00
          Reverse Arrhenius coefficients:                 2.03E+10    0.72   36840.00
   12     HO2+O<=>OH+O2                                   3.25E+13    0.00       0.00
          Reverse Arrhenius coefficients:                 3.25E+12    0.33   53280.00
   13     HO2+OH<=>H2O+O2                                 2.89E+13    0.00    -497.00
          Reverse Arrhenius coefficients:                 5.86E+13    0.24   69080.00
   14     H2O2+O2<=>HO2+HO2                               4.63E+16   -0.35   50670.00
          Reverse Arrhenius coefficients:                 4.20E+14    0.00   11980.00
          Declared duplicate reaction...
   15     H2O2+O2<=>HO2+HO2                               1.43E+13   -0.35   37060.00
          Reverse Arrhenius coefficients:                 1.30E+11    0.00   -1629.00
          Declared duplicate reaction...
   16     H2O2(+M)<=>OH+OH(+M)                            2.95E+14    0.00   48430.00
          Low pressure limit:  1.20200E+17  0.00000E+00  4.55000E+04
          TROE centering:      5.00000E-01  1.00000E-30  1.00000E+30 1.00000E+100
          H2                       Enhanced by    2.500E+00
          H2O                      Enhanced by    1.200E+01
          AR                       Enhanced by    6.400E-01
   17     H2O2+H<=>H2O+OH                                 2.41E+13    0.00    3970.00
          Reverse Arrhenius coefficients:                 1.27E+08    1.31   71410.00
   18     H2O2+H<=>H2+HO2                                 6.02E+13    0.00    7950.00
          Reverse Arrhenius coefficients:                 1.04E+11    0.70   23950.00
   19     H2O2+O<=>OH+HO2                                 9.55E+06    2.00    3970.00
          Reverse Arrhenius coefficients:                 8.66E+03    2.68   18560.00
   20     H2O2+OH<=>H2O+HO2                               1.00E+12    0.00       0.00
          Reverse Arrhenius coefficients:                 1.84E+10    0.59   30890.00
          Declared duplicate reaction...
   21     H2O2+OH<=>H2O+HO2                               5.80E+14    0.00    9557.00
          Reverse Arrhenius coefficients:                 1.07E+13    0.59   40450.00
          Declared duplicate reaction...

